[2023-04-09 20:24:30] INFO: Creating document with data: {"title":"Test Document","content":"This is a test document.","tags":["test"]}
[2023-04-09 20:24:30] INFO: Creating document with data: {"title":"Test Document","content":"This is a test document.","tags":["test"]}
[2023-04-09 20:24:30] INFO: Creating document with data: {"title":"Test Document","content":"This is a test document.","tags":["test"]}
[2023-04-09 20:24:30] INFO: Creating document with data: {"title":"Test Document","content":"This is a test document.","tags":["test"]}
[2023-04-09 20:25:07] INFO: Creating document with data: {"title":"Test Document","content":"This is a test document.","tags":["test"]}
[2023-04-09 20:25:07] INFO: Creating document with data: {"title":"Test Document","content":"This is a test document.","tags":["test"]}
[2023-04-09 20:25:07] INFO: Creating document with data: {"title":"Test Document","content":"This is a test document.","tags":["test"]}
[2023-04-09 20:25:08] INFO: Creating document with data: {"title":"Test Document","content":"This is a test document.","tags":["test"]}
[2023-04-09 20:27:28] INFO: Creating document with data: {"title":"Test Document","content":"This is a test document.","tags":["test"]}
[2023-04-09 20:27:28] INFO: Creating document with data: {"title":"Test Document","content":"This is a test document.","tags":["test"]}
[2023-04-09 20:27:28] INFO: Creating document with data: {"title":"Test Document","content":"This is a test document.","tags":["test"]}
[2023-04-09 20:27:28] INFO: Creating document with data: {"title":"Test Document","content":"This is a test document.","tags":["test"]}
[2023-04-09 20:27:30] INFO: Creating document with data: {"title":"Test Document","content":"This is a test document.","tags":["test"]}
[2023-04-09 20:27:31] INFO: Creating document with data: {"title":"Test Document","content":"This is a test document.","tags":["test"]}
[2023-04-09 20:27:31] INFO: Creating document with data: {"title":"Test Document","content":"This is a test document.","tags":["test"]}
[2023-04-09 20:27:31] INFO: Creating document with data: {"title":"Test Document","content":"This is a test document.","tags":["test"]}
[2023-04-09 20:27:33] INFO: Creating document with data: {"title":"Test Document","content":"This is a test document.","tags":["test"]}
[2023-04-09 20:27:33] INFO: Creating document with data: {"title":"Test Document","content":"This is a test document.","tags":["test"]}
[2023-04-09 20:27:33] INFO: Creating document with data: {"title":"Test Document","content":"This is a test document.","tags":["test"]}
[2023-04-09 20:27:33] INFO: Creating document with data: {"title":"Test Document","content":"This is a test document.","tags":["test"]}
[2023-04-09 20:29:44] INFO: Creating document with data: {"title":"Test Document","content":"This is a test document.","tags":["test"]}
[2023-04-09 20:29:44] INFO: Creating document with data: {"title":"Test Document","content":"This is a test document.","tags":["test"]}
[2023-04-09 20:29:44] INFO: Creating document with data: {"title":"Test Document","content":"This is a test document.","tags":["test"]}
[2023-04-09 20:29:44] INFO: Creating document with data: {"title":"Test Document","content":"This is a test document.","tags":["test"]}
[2023-04-09 20:29:44] INFO: Creating document with data: {"title":"Test Document","content":"This is a test document.","tags":["test"]}
[2023-04-09 20:29:44] INFO: Creating document with data: {"title":"Test Document","content":"This is a test document.","tags":["test"]}
[2023-04-09 20:29:44] INFO: Creating document with data: {"title":"Test Document","content":"This is a test document.","tags":["test"]}
[2023-04-09 20:29:44] INFO: Creating document with data: {"title":"Test Document","content":"This is a test document.","tags":["test"]}
[2023-04-09 20:35:37] INFO: Creating document with data: {"title":"Test Document","content":"This is a test document.","tags":["test"]}
[2023-04-09 20:35:37] INFO: Creating document with data: {"title":"Test Document","content":"This is a test document.","tags":["test"]}
[2023-04-09 20:35:37] INFO: Creating document with data: {"title":"Test Document","content":"This is a test document.","tags":["test"]}
[2023-04-09 20:35:37] INFO: Creating document with data: {"title":"Test Document","content":"This is a test document.","tags":["test"]}
[2023-04-09 20:37:39] INFO: Creating document with data: {"title":"Test Document","content":"This is a test document.","tags":["test"]}
[2023-04-09 20:37:39] INFO: Creating document with data: {"title":"Test Document","content":"This is a test document.","tags":["test"]}
[2023-04-09 20:37:39] INFO: Creating document with data: {"title":"Test Document","content":"This is a test document.","tags":["test"]}
[2023-04-09 20:37:39] INFO: Creating document with data: {"title":"Test Document","content":"This is a test document.","tags":["test"]}
[2023-04-09 20:38:15] INFO: Creating document with data: {"title":"Test Document","content":"This is a test document.","tags":["test"]}
[2023-04-09 20:38:15] INFO: Creating document with data: {"title":"Test Document","content":"This is a test document.","tags":["test"]}
[2023-04-09 20:38:15] INFO: Creating document with data: {"title":"Test Document","content":"This is a test document.","tags":["test"]}
[2023-04-09 20:38:15] INFO: Creating document with data: {"title":"Test Document","content":"This is a test document.","tags":["test"]}
[2023-04-09 20:38:56] INFO: Creating document with data: {"title":"Test Document","content":"This is a test document.","tags":["test"]}
[2023-04-09 20:38:56] INFO: Creating document with data: {"title":"Test Document","content":"This is a test document.","tags":["test"]}
[2023-04-09 20:38:56] INFO: Creating document with data: {"title":"Test Document","content":"This is a test document.","tags":["test"]}
[2023-04-09 20:38:56] INFO: Creating document with data: {"title":"Test Document","content":"This is a test document.","tags":["test"]}
[2023-04-09 20:39:42] INFO: Creating document with data: {"title":"Test Document","content":"This is a test document.","tags":["test"]}
[2023-04-09 20:39:42] INFO: Creating document with data: {"title":"Test Document","content":"This is a test document.","tags":["test"]}
[2023-04-09 20:39:42] INFO: Creating document with data: {"title":"Test Document","content":"This is a test document.","tags":["test"]}
[2023-04-09 20:39:42] INFO: Creating document with data: {"title":"Test Document","content":"This is a test document.","tags":["test"]}
[2023-04-09 20:40:01] INFO: Creating document with data: {"title":"Test Document","content":"This is a test document.","tags":["test"]}
[2023-04-09 20:40:01] INFO: Creating document with data: {"title":"Test Document","content":"This is a test document.","tags":["test"]}
[2023-04-09 20:40:01] INFO: Creating document with data: {"title":"Test Document","content":"This is a test document.","tags":["test"]}
[2023-04-09 20:40:01] INFO: Creating document with data: {"title":"Test Document","content":"This is a test document.","tags":["test"]}
[2023-04-09 20:40:28] INFO: Creating document with data: {"title":"Test Document","content":"This is a test document.","tags":["test"]}
[2023-04-09 20:40:28] INFO: Creating document with data: {"title":"Test Document","content":"This is a test document.","tags":["test"]}
[2023-04-09 20:40:28] INFO: Creating document with data: {"title":"Test Document","content":"This is a test document.","tags":["test"]}
[2023-04-09 20:40:28] INFO: Creating document with data: {"title":"Test Document","content":"This is a test document.","tags":["test"]}
[2023-04-09 20:40:48] INFO: Creating document with data: {"title":"Test Document","content":"This is a test document.","tags":["test"]}
[2023-04-09 20:40:48] INFO: Creating document with data: {"title":"Test Document","content":"This is a test document.","tags":["test"]}
[2023-04-09 20:40:48] INFO: Creating document with data: {"title":"Test Document","content":"This is a test document.","tags":["test"]}
[2023-04-09 20:40:48] INFO: Creating document with data: {"title":"Test Document","content":"This is a test document.","tags":["test"]}
[2023-04-09 20:41:14] INFO: Creating document with data: {"title":"Test Document","content":"This is a test document.","tags":["test"]}
[2023-04-09 20:41:14] INFO: Creating document with data: {"title":"Test Document","content":"This is a test document.","tags":["test"]}
[2023-04-09 20:41:14] INFO: Creating document with data: {"title":"Test Document","content":"This is a test document.","tags":["test"]}
[2023-04-09 20:41:14] INFO: Creating document with data: {"title":"Test Document","content":"This is a test document.","tags":["test"]}
[2023-04-09 20:41:34] INFO: Creating document with data: {"title":"Test Document","content":"This is a test document.","tags":["test"]}
[2023-04-09 20:41:34] INFO: Creating document with data: {"title":"Test Document","content":"This is a test document.","tags":["test"]}
[2023-04-09 20:41:34] INFO: Creating document with data: {"title":"Test Document","content":"This is a test document.","tags":["test"]}
[2023-04-09 20:41:34] INFO: Creating document with data: {"title":"Test Document","content":"This is a test document.","tags":["test"]}
[2023-04-09 20:41:53] INFO: Creating document with data: {"title":"Test Document","content":"This is a test document.","tags":["test"]}
[2023-04-09 20:41:53] INFO: Creating document with data: {"title":"Test Document","content":"This is a test document.","tags":["test"]}
[2023-04-09 20:41:53] INFO: Creating document with data: {"title":"Test Document","content":"This is a test document.","tags":["test"]}
[2023-04-09 20:41:53] INFO: Creating document with data: {"title":"Test Document","content":"This is a test document.","tags":["test"]}
[2023-04-09 20:59:35] INFO: Creating document with data: {"title":"Test Document","content":"This is a test document.","tags":["test"]}
[2023-04-09 20:59:35] INFO: Creating document with data: {"title":"Test Document","content":"This is a test document.","tags":["test"]}
[2023-04-09 20:59:35] INFO: Creating document with data: {"title":"Test Document","content":"This is a test document.","tags":["test"]}
[2023-04-09 20:59:35] INFO: Creating document with data: {"title":"Test Document","content":"This is a test document.","tags":["test"]}
[2023-04-09 21:00:04] INFO: Creating document with data: {"title":"Test Document","content":"This is a test document.","tags":["test"]}
[2023-04-09 21:00:04] INFO: Creating document with data: {"title":"Test Document","content":"This is a test document.","tags":["test"]}
[2023-04-09 21:00:04] INFO: Creating document with data: {"title":"Test Document","content":"This is a test document.","tags":["test"]}
[2023-04-09 21:00:04] INFO: Creating document with data: {"title":"Test Document","content":"This is a test document.","tags":["test"]}
[2023-04-09 21:00:15] INFO: Creating document with data: {"title":"Test Document","content":"This is a test document.","tags":["test"]}
[2023-04-09 21:00:15] INFO: Creating document with data: {"title":"Test Document","content":"This is a test document.","tags":["test"]}
[2023-04-09 21:00:15] INFO: Creating document with data: {"title":"Test Document","content":"This is a test document.","tags":["test"]}
[2023-04-09 21:00:15] INFO: Creating document with data: {"title":"Test Document","content":"This is a test document.","tags":["test"]}
[2023-04-09 21:00:33] INFO: Creating document with data: {"title":"Test Document","content":"This is a test document.","tags":["test"]}
[2023-04-09 21:00:35] INFO: Creating document with data: {"title":"Test Document","content":"This is a test document.","tags":["test"]}
[2023-04-09 21:00:35] INFO: Creating document with data: {"title":"Test Document","content":"This is a test document.","tags":["test"]}
[2023-04-09 21:00:35] INFO: Creating document with data: {"title":"Test Document","content":"This is a test document.","tags":["test"]}
[2023-04-09 21:01:38] INFO: Creating document with data: {"title":"Test Document","content":"This is a test document.","tags":["test"]}
[2023-04-09 21:01:39] INFO: Creating document with data: {"title":"Test Document","content":"This is a test document.","tags":["test"]}
[2023-04-09 21:01:39] INFO: Creating document with data: {"title":"Test Document","content":"This is a test document.","tags":["test"]}
[2023-04-09 21:01:39] INFO: Creating document with data: {"title":"Test Document","content":"This is a test document.","tags":["test"]}
[2023-04-09 21:01:56] INFO: Creating document with data: {"title":"Test Document","content":"This is a test document.","tags":["test"]}
[2023-04-09 21:01:57] INFO: Creating document with data: {"title":"Test Document","content":"This is a test document.","tags":["test"]}
[2023-04-09 21:01:57] INFO: Creating document with data: {"title":"Test Document","content":"This is a test document.","tags":["test"]}
[2023-04-09 21:01:57] INFO: Creating document with data: {"title":"Test Document","content":"This is a test document.","tags":["test"]}
[2023-04-09 21:02:18] INFO: Creating document with data: {"title":"Test Document","content":"This is a test document.","tags":["test"]}
[2023-04-09 21:02:18] INFO: Creating document with data: {"title":"Test Document","content":"This is a test document.","tags":["test"]}
[2023-04-09 21:02:18] INFO: Creating document with data: {"title":"Test Document","content":"This is a test document.","tags":["test"]}
[2023-04-09 21:02:18] INFO: Creating document with data: {"title":"Test Document","content":"This is a test document.","tags":["test"]}
[2023-04-09 21:02:39] INFO: Creating document with data: {"title":"Test Document","content":"This is a test document.","tags":["test"]}
[2023-04-09 21:02:39] INFO: Creating document with data: {"title":"Test Document","content":"This is a test document.","tags":["test"]}
[2023-04-09 21:02:39] INFO: Creating document with data: {"title":"Test Document","content":"This is a test document.","tags":["test"]}
[2023-04-09 21:02:40] INFO: Creating document with data: {"title":"Test Document","content":"This is a test document.","tags":["test"]}
[2023-04-09 21:02:45] INFO: Creating document with data: {"title":"Test Document","content":"This is a test document.","tags":["test"]}
[2023-04-09 21:02:46] INFO: Creating document with data: {"title":"Test Document","content":"This is a test document.","tags":["test"]}
[2023-04-09 21:02:46] INFO: Creating document with data: {"title":"Test Document","content":"This is a test document.","tags":["test"]}
[2023-04-09 21:02:46] INFO: Creating document with data: {"title":"Test Document","content":"This is a test document.","tags":["test"]}
[2023-04-09 21:02:46] INFO: Creating document with data: {"title":"Test Document","content":"This is a test document.","tags":["test"]}
[2023-04-09 21:02:46] INFO: Creating document with data: {"title":"Test Document","content":"This is a test document.","tags":["test"]}
[2023-04-09 21:02:47] INFO: Creating document with data: {"title":"Test Document","content":"This is a test document.","tags":["test"]}
[2023-04-09 21:02:47] INFO: Creating document with data: {"title":"Test Document","content":"This is a test document.","tags":["test"]}
[2023-04-09 21:03:07] INFO: Creating document with data: {"title":"Test Document","content":"This is a test document.","tags":["test"]}
[2023-04-09 21:03:07] INFO: Creating document with data: {"title":"Test Document","content":"This is a test document.","tags":["test"]}
[2023-04-09 21:03:07] INFO: Creating document with data: {"title":"Test Document","content":"This is a test document.","tags":["test"]}
[2023-04-09 21:03:08] INFO: Creating document with data: {"title":"Test Document","content":"This is a test document.","tags":["test"]}
[2023-04-09 21:04:23] INFO: Creating document with data: {"title":"Test Document","content":"This is a test document.","tags":["test"]}
[2023-04-09 21:04:24] INFO: Creating document with data: {"title":"Test Document","content":"This is a test document.","tags":["test"]}
[2023-04-09 21:04:24] INFO: Creating document with data: {"title":"Test Document","content":"This is a test document.","tags":["test"]}
[2023-04-09 21:04:24] INFO: Creating document with data: {"title":"Test Document","content":"This is a test document.","tags":["test"]}
[2023-04-09 21:04:25] INFO: Creating document with data: {"title":"Test Document","content":"This is a test document.","tags":["test"]}
[2023-04-09 21:13:37] INFO: Creating document with data: {"title":"Test Document","content":"This is a test document.","tags":["test"]}
[2023-04-09 21:13:38] INFO: Creating document with data: {"title":"Test Document","content":"This is a test document.","tags":["test"]}
[2023-04-09 21:13:38] INFO: Creating document with data: {"title":"Test Document","content":"This is a test document.","tags":["test"]}
[2023-04-09 21:13:38] INFO: Creating document with data: {"title":"Test Document","content":"This is a test document.","tags":["test"]}
[2023-04-09 21:13:39] INFO: Creating document with data: {"title":"Test Document","content":"This is a test document.","tags":["test"]}
[2023-04-09 21:13:43] INFO: Creating document with data: {"title":"Test Document","content":"This is a test document.","tags":["test"]}
[2023-04-09 21:13:44] INFO: Creating document with data: {"title":"Test Document","content":"This is a test document.","tags":["test"]}
[2023-04-09 21:13:45] INFO: Creating document with data: {"title":"Test Document","content":"This is a test document.","tags":["test"]}
[2023-04-09 21:13:45] INFO: Creating document with data: {"title":"Test Document","content":"This is a test document.","tags":["test"]}
[2023-04-09 21:13:45] INFO: Creating document with data: {"title":"Test Document","content":"This is a test document.","tags":["test"]}
[2023-04-09 21:16:10] INFO: Creating document with data: {"title":"Test Document","content":"This is a test document.","tags":["test"]}
[2023-04-09 21:16:11] INFO: Creating document with data: {"title":"Test Document","content":"This is a test document.","tags":["test"]}
[2023-04-09 21:16:12] INFO: Creating document with data: {"title":"Test Document","content":"This is a test document.","tags":["test"]}
[2023-04-09 21:16:12] INFO: Creating document with data: {"title":"Test Document","content":"This is a test document.","tags":["test"]}
[2023-04-09 21:16:12] INFO: Creating document with data: {"title":"Test Document","content":"This is a test document.","tags":["test"]}
[2023-04-09 21:16:34] INFO: Creating document with data: {"title":"Test Document","content":"This is a test document.","tags":["test"]}
[2023-04-09 21:16:35] INFO: Creating document with data: {"title":"Test Document","content":"This is a test document.","tags":["test"]}
[2023-04-09 21:16:36] INFO: Creating document with data: {"title":"Test Document","content":"This is a test document.","tags":["test"]}
[2023-04-09 21:16:36] INFO: Creating document with data: {"title":"Test Document","content":"This is a test document.","tags":["test"]}
[2023-04-09 21:16:36] INFO: Creating document with data: {"title":"Test Document","content":"This is a test document.","tags":["test"]}
[2023-04-09 21:34:32] INFO: Creating document with data: {"title":"Test Document","content":"This is a test document.","tags":["test"]}
[2023-04-09 21:34:33] INFO: Creating document with data: {"title":"Test Document","content":"This is a test document.","tags":["test"]}
[2023-04-09 21:34:34] INFO: Creating document with data: {"title":"Test Document","content":"This is a test document.","tags":["test"]}
[2023-04-09 21:34:34] INFO: Creating document with data: {"title":"Test Document","content":"This is a test document.","tags":["test"]}
[2023-04-09 21:34:34] INFO: Creating document with data: {"title":"Test Document","content":"This is a test document.","tags":["test"]}
[2023-04-09 21:35:10] INFO: Creating document with data: {"title":"Test Document","content":"This is a test document.","tags":["test"]}
[2023-04-09 21:35:11] INFO: Creating document with data: {"title":"Test Document","content":"This is a test document.","tags":["test"]}
[2023-04-09 21:35:11] INFO: Creating document with data: {"title":"Test Document","content":"This is a test document.","tags":["test"]}
[2023-04-09 21:35:11] INFO: Creating document with data: {"title":"Test Document","content":"This is a test document.","tags":["test"]}
[2023-04-09 21:35:12] INFO: Creating document with data: {"title":"Test Document","content":"This is a test document.","tags":["test"]}
[2023-04-09 21:36:26] INFO: Creating document with data: {"title":"Test Document","content":"This is a test document.","tags":["test"]}
[2023-04-09 21:36:27] INFO: Creating document with data: {"title":"Test Document","content":"This is a test document.","tags":["test"]}
[2023-04-09 21:36:28] INFO: Creating document with data: {"title":"Test Document","content":"This is a test document.","tags":["test"]}
[2023-04-09 21:36:28] INFO: Creating document with data: {"title":"Test Document","content":"This is a test document.","tags":["test"]}
[2023-04-09 21:36:28] INFO: Creating document with data: {"title":"Test Document","content":"This is a test document.","tags":["test"]}
[2023-04-09 21:54:53] INFO: Creating document with data: {"title":"Test Document","content":"This is a test document.","tags":["test"]}
[2023-04-09 21:54:54] INFO: Creating document with data: {"title":"Test Document","content":"This is a test document.","tags":["test"]}
[2023-04-09 21:54:55] INFO: Creating document with data: {"title":"Test Document","content":"This is a test document.","tags":["test"]}
[2023-04-09 21:54:55] INFO: Creating document with data: {"title":"Test Document","content":"This is a test document.","tags":["test"]}
[2023-04-09 21:54:55] INFO: Creating document with data: {"title":"Test Document","content":"This is a test document.","tags":["test"]}
[2023-04-09 21:57:47] INFO: Creating document with data: {"title":"Test Document","content":"This is a test document.","tags":["test"]}
[2023-04-09 21:57:47] INFO: Created document: {"id":1,"title":"Test Document","content":"This is a test document.","tags":["test"],"createdAt":"2023-04-10T03:57:47.589Z","updatedAt":"2023-04-10T03:57:47.589Z"}
[2023-04-09 21:57:48] INFO: Creating document with data: {"title":"Test Document","content":"This is a test document.","tags":["test"]}
[2023-04-09 21:57:48] INFO: Created document: {"id":2,"title":"Test Document","content":"This is a test document.","tags":["test"],"createdAt":"2023-04-10T03:57:48.310Z","updatedAt":"2023-04-10T03:57:48.310Z"}
[2023-04-09 21:57:48] INFO: Getting document by id: 2
[2023-04-09 21:57:48] INFO: Retrieved document: {"id":2,"title":"Test Document","content":"This is a test document.","tags":["test"],"createdAt":"2023-04-10T03:57:48.310Z","updatedAt":"2023-04-10T03:57:48.310Z"}
[2023-04-09 21:57:48] INFO: Creating document with data: {"title":"Test Document","content":"This is a test document.","tags":["test"]}
[2023-04-09 21:57:49] INFO: Created document: {"id":3,"title":"Test Document","content":"This is a test document.","tags":["test"],"createdAt":"2023-04-10T03:57:48.852Z","updatedAt":"2023-04-10T03:57:48.852Z"}
[2023-04-09 21:57:49] INFO: Updating document with id: 3 and data: {"title":"Updated Test Document"}
[2023-04-09 21:57:49] INFO: Updated document: {"id":3,"title":"Updated Test Document","content":"This is a test document.","tags":["test"],"createdAt":"2023-04-10T03:57:48.852Z","updatedAt":"2023-04-10T03:57:49.042Z"}
[2023-04-09 21:57:49] INFO: Creating document with data: {"title":"Test Document","content":"This is a test document.","tags":["test"]}
[2023-04-09 21:57:49] INFO: Created document: {"id":4,"title":"Test Document","content":"This is a test document.","tags":["test"],"createdAt":"2023-04-10T03:57:49.609Z","updatedAt":"2023-04-10T03:57:49.609Z"}
[2023-04-09 21:57:49] INFO: Deleting document with id: 4
[2023-04-09 21:57:50] INFO: Deleted document: {"id":4,"title":"Test Document","content":"This is a test document.","tags":["test"],"createdAt":"2023-04-10T03:57:49.609Z","updatedAt":"2023-04-10T03:57:49.609Z"}
[2023-04-09 21:57:50] INFO: Getting document by id: 4
[2023-04-09 21:57:50] INFO: Retrieved document: null
[2023-04-09 21:57:50] INFO: Creating document with data: {"title":"Test Document","content":"This is a test document.","tags":["test"]}
[2023-04-09 21:57:50] INFO: Created document: {"id":5,"title":"Test Document","content":"This is a test document.","tags":["test"],"createdAt":"2023-04-10T03:57:50.306Z","updatedAt":"2023-04-10T03:57:50.306Z"}
[2023-04-09 21:57:50] INFO: Searching documents with searchTerm: test
[2023-04-09 21:57:50] INFO: Found documents: [{"id":5,"title":"Test Document","content":"This is a test document.","tags":["test"],"createdAt":"2023-04-10T03:57:50.306Z","updatedAt":"2023-04-10T03:57:50.306Z"}]
